# ----------------------------------------
# Jasper Version Info
# tool      : Jasper 2023.12
# platform  : Linux 4.18.0-553.32.1.el8_10.x86_64
# version   : 2023.12p001 64 bits
# build date: 2024.01.23 16:09:24 UTC
# ----------------------------------------
# started   : 2024-12-18 15:58:06 PST
# hostname  : caddy11.stanford.edu.(none)
# pid       : 40291
# arguments : '-label' 'session_0' '-console' '//127.0.0.1:41981' '-style' 'windows' '-data' 'AAAA3nicVY6xCsJAEETfKfYp/YaAEoSARYo0dkpQwTZItBBCEkxEsDGf6p+ccwkpbpad2V1uuDFA8rXWMmD+EQXsOXBiJ864SGFJzIYtESkFV26UPDRFo8/8RiUx+HD7zL8ce09hMZmnJ84QstI/parmTc6LilbcqGqedNyVIlfC85DZ7a14rS7kcvgD8wMZTQ==' '-proj' '/home/users/bokeefe/verilog/zipcpu-axi/udp-project/udp-code/jgproject/sessionLogs/session_0' '-init' '-hidden' '/home/users/bokeefe/verilog/zipcpu-axi/udp-project/udp-code/jgproject/.tmp/.initCmds.tcl' 'test.tcl'

Any disclosure about the Cadence Design Systems software or its use
model to any third party violates the written Non-Disclosure Agreement
between Cadence Design Systems, Inc. and the customer.

THIS SOFTWARE CONTAINS CONFIDENTIAL INFORMATION AND TRADE SECRETS OF
CADENCE DESIGN SYSTEMS, INC. USE, DISCLOSURE, OR REPRODUCTION IS
PROHIBITED WITHOUT THE PRIOR EXPRESS WRITTEN PERMISSION OF CADENCE
DESIGN SYSTEMS, INC.

Copyright (C) 2000-2023 Cadence Design Systems, Inc. All Rights
Reserved.  Unpublished -- rights reserved under the copyright laws of
the United States.

This product includes software developed by others and redistributed
according to license agreement. See doc/third_party_readme.txt for
further details.

RESTRICTED RIGHTS LEGEND

Use, duplication, or disclosure by the Government is subject to
restrictions as set forth in subparagraph (c) (1) (ii) of the Rights in
Technical Data and Computer Software clause at DFARS 252.227-7013 or
subparagraphs (c) (1) and (2) of Commercial Computer Software -- Restricted
Rights at 48 CFR 52.227-19, as applicable.


                          Cadence Design Systems, Inc.
                          2655 Seely Avenue
                          San Jose, CA 95134
                          Phone: 408.943.1234

For technical assistance visit http://support.cadence.com.

Jasper Apps Analysis Session - /home/users/bokeefe/verilog/zipcpu-axi/udp-project/udp-code/jgproject/sessionLogs/session_0

INFO: successfully checked out licenses "jasper_interactive" and "jasper_fao".
INFO: reading configuration file "/home/users/bokeefe/.config/cadence/jasper.conf".
% # Run JG with a TCl file: jg foo.tcl
% # To get help about the tcl command syntax
% # use the help command "help" at the JG console
% # This will list an overview of all commands.
% # To get details about individual command use
% # help in combination with the command name and its options.
% # For example "help assert"
% 
% # Clear previous run
% clear -all
INFO (IPF121): Cleared environment completely for new design analysis.
% 
% # Analyze RTL files
% analyze -sv -f Flist.udp
INFO (INL011): Processing "-f" file "/home/users/bokeefe/verilog/zipcpu-axi/udp-project/udp-code/Flist.udp".
[-- (VERI-1482)] Analyzing Verilog file '/cad/cadence/jasper_2023.12p001/lib/verilog/packages/std/std.sv' into library 'std'
[-- (VERI-1482)] Analyzing Verilog file 'udp.sv'
% 
% # Elaborate
% elaborate
[INFO (HIER-8002)] udp.sv(141): Disabling old hierarchical reference handler
[INFO (VERI-1018)] udp.sv(1): compiling module 'udp'
[WARN (VERI-1060)] udp.sv(32): 'initial' construct is ignored
[WARN (VERI-1209)] udp.sv(79): expression size 32 truncated to fit in target size 2
[WARN (VERI-1209)] udp.sv(89): expression size 32 truncated to fit in target size 2
[WARN (VDB-1000)] udp.sv(99): net 't_valid' is constantly driven from multiple places
[WARN (VDB-1001)] udp.sv(109): found another driver here
INFO (ISW003): Top module name is "udp".
INFO (INL208): Elaboration synthesis summary:
  Number of synthesized netlists          1 (0 packages)
  Single run mode                         On
  Pipeline                                On (1 pipelined netlists)
  Late hierarchical reference connection  On
  Number of analyzed Verilog modules      1 (1 synthesized)
  Number of analyzed VHDL entities        0 (0 synthesized)
INFO (INL003): Clearing all state information (assumes, stopats, and so forth).
INFO (IMDS005): Number of multiple-driven bits in design: 70. Use "get_design_info -list multiple_driven" for more information.
udp
[<embedded>] % 
[<embedded>] % # Initialization
[<embedded>] % # Clock specification
[<embedded>] % # clock pin is called "clk"
[<embedded>] % # duty cycle is 1:1 by default
[<embedded>] % clock clk
[<embedded>] % 
[<embedded>] % # Define reset condition
[<embedded>] % # reset pin is called rst_n, active low
[<embedded>] % 
[<embedded>] % reset rst
INFO (IPM031): Clearing proof results of all properties.
INFO (IRS006): Current reset condition is "rst".
[<embedded>] % 
[<embedded>] % # Start the verification
[<embedded>] % prove -all
Ncustom1: Custom engine code is hT3Ng7hPPfiYQOTDZ3qhYOwGAM51eA+J/FjkM5shLioAsqhgLR4Ft+O1BuKG6ilQ83B9tLXSl+CwjiTMAQA
Bcustom2: Custom engine code is hT3Nm7hPr1Vp3Di1Ra2USNIGL4JypRnLKLAdF6JAyuavO2JfGCiY9OZJhcAcOUnLx5xwNdhILGrAWX9s+z2WDkKwNR7tAfClBEjRFVQeq6DU54boFgEA
AMcustom3: Custom engine code is hT3Ng7hP/feYQOTDZ3qhYOwGAM51eA+J/FjkM5shLioAsqhgLR4Ft+O1BuKG6ilQ83B9tLXSmmqwm7g9AQA
Mpcustom4: Custom engine code is hT3NZbhP9fmY2AbBQnsjfOxn6c+6e6yL+/e8fZFmaQrnlgEA
INFO (IPF036): Starting proof on task: "<embedded>", 5 properties to prove with 0 already proven/unreachable
INFO (IRS029): Starting reset analysis: phase 1 of 4.
INFO (IRS030): Running reset analysis: phase 2 of 4.
INFO (IRS031): Running reset analysis: phase 3 of 4.
INFO (IRS020): Starting the reset analysis simulation with a limit of 100 iterations (phase 4 of 4).
INFO (IRS024): Reset iterations 0 to 4 analyzed.
INFO (IRS018): Reset analysis simulation executed for 3 iterations. Assigned values for 0 of 18 design flops, 0 of 0 design latches, 77 of 212 internal elements.
INFO (IRS039): Reset analysis complete.
INFO (IPF031): Settings used for proof thread 0:
    orchestration                 = on (auto)
    time_limit                    = 86400s
    per_property_time_limit       = 1s * 10 ^ scan
    engine_mode                   = auto
    proofgrid_per_engine_max_jobs = 1
    max engine jobs               = auto
    proofgrid_mode                = local
    proofgrid_restarts            = 10
AMcustom5: Custom engine code is hT3N1rhP11/52HrFRS21ROp2LOjVTgPvT8L8BGXHgLhaIuqtT4nARFjUqrBL+7pLmaTOzBepZW/Jm8SSrHDybSQtoNiO3y43wk+dEoWlsZizu97Fih6O6lPVG/LpWP5SsUPwlGagLNa1FKEFvwVXyX7//8prySbvSxIHXr5er+z4RAEA
0: Using multistage preprocessing
Ncustom6: Custom engine code is hT3OXrhPByJp3TrFSTLhUmMH4KVtJgmTCnNDF46yMXOKY48m4LS5nE7yBzFjA7kDuwO/GhGUpEPiky3p3wmPn3dJZHxFMsafSoObRzSC+tn7sEY0WbTdZ/FV4hL3MYH/b1CIUvXSWR4wqEoVLsmMOD4xIPT4lI1LO6ZCO7PnnWQuLwetnvKlrXx6wCW/A+x+enqslg1YPobi4wEF/EvbzOvcTYdJvl2s4H2yZg2b2ofAVN5WvhWk1HoBAA
0: Starting reduce
ADcustom7: Custom engine code is hT3Nv7hPv1752HrFRa2kROx2f/ECJeZB2AZsLdlO8VwmIuqtT4nIDFXclhg+O+o+DMmQCekbheGk0kK28laA9gaOFDXsQp29J3X615HY1IPHJWd6FUFvCHjO+p1k652b5JJvZlShNpGlGSXAiQe/mEAj6tEBAA
Tricustom8: Custom engine code is hT3Nu7hPt1752DvFRa0kNDiyIV97VyejwM9C/jCLJjdPvusZONHY42VYUy0Q1ZotnhcVtNc56tJ5wbxv6V2+XpdsaSlHck5vfnbYjdwj1OECy9U+7oSQ0SZE3g5ayD+Phuh4odCJTjeKa2k4elM9ldQfkAEA
Gcustom9: Custom engine code is hT3NibhPDfeYQADBZnYcglOvK9Pfd7EOeniIqP8jNsyIqInncipMGcUXqAadachREE9F2PwhBUZUNw5kHnd4JdXkamORRgEA
C2custom10: Custom engine code is hT3NirhPjfWYQADBZnYcglOvK9Pfd7EOeniIqP8jNsyIqInncgkrYMMXCYbdK0dUjZIF9d4cJ0rHoBDjwVLBKuG86XYVV00BAA
AGcustom11: Custom engine code is hT3NirhP/fmYQADBZnYcglOvK9Pfd7EOeniIqP8jNsyIqInnckcwYMMXCYbdK0dUjZIF9d4cJ0rHoBDjwVLBKuHEZnZByh0BAA
Bcustom12: Custom engine code is hT3NjrhPDfiYQADBZnYcglOvK9PfWxFtenjIyBqfrgr7if/jL/yPOuK1BAflEcW0DxNH2eDIoezN2gxlQFg81RZtiWXh7aiTAidvAQA
Ncustom13: Custom engine code is hT3NR7hPByFp3TrFSTLhUmMH4KWtJglTyV/c51BHEeZWamnJv767nE6PCak26bd3gf3XGN3rIRheufhDieCJQVISo+gNYUKhiUedBKGtsP/a18svAnlMJZudHxDFwK5ufsyoxsIyiAeSY2oi3tEuoDHr5gw42DFKAG3PqO3CEsl8Azzdt3pl5nGA1Ifv2H02eYsFzWb/nfp8PMb3F0krE/EgBcm8TD9Div8BAA
Tricustom14: Custom engine code is hT3Nu7hP3fiYQADBZnYcglNHp9bfd7EOeniIqP/ji8sGLQu8yhsFO+wxJ+O+R0bU8g/IewXFomyos+viQnWc2xYNYmMqpo3i40O7DaZR7qfp4YqNx26KRvQ/qx0BAA
0: Finished reduce in 0.001s
0.0.PRE: Performing Proof Simplification...
0.0.N: clocks: 1, declared: 1, looping: 0, posedge: 1, negedge: 0, noedge: 0, bothedge: 0
0.0.N: Proof Simplification Iteration 1	[0.00 s]
0.0.N: Proof Simplification Iteration 2	[0.00 s]
0.0.N: Proof Simplification Iteration 3	[0.00 s]
0.0.N: Proof Simplification Iteration 4	[0.01 s]
0.0.PRE: A proof was found: No trace exists. [0.00 s]
INFO (IPF057): 0.0.PRE: The property ":noDeadEnd" was proven in 0.00 s.
    Use check_assumptions -show -dead_end to show this property in the property table.
0.0.PRE: A proof was found: No trace exists. [0.00 s]
INFO (IPF057): 0.0.PRE: The property ":noConflict" was proven in 0.00 s.
    Use check_assumptions -show to show this property in the property table.
INFO (IPF047): 0.0.PRE: The cover property ":live" was covered in 1 cycles in 0.00 s.
    Use check_assumptions -show -live to show this property in the property table.
0.0.PRE: Proof Simplification completed in 0.01 s
0: About to start ProofGrid in its own thread with a limit of 10000 pending notifications and a limit of 10 traces.
0: =============================== ProofGrid start ===============================
0: ProofGrid usable level: 5
0: Initial ProofGrid level: 1
0: ProofGrid is starting event handling
0.0.Hp: caddy11.stanford.edu: "Rocky Linux 8.10 (Green Obsidian)" is an unsupported operating system.
0.0.N: caddy11.stanford.edu: "Rocky Linux 8.10 (Green Obsidian)" is an unsupported operating system.
0.0.Ht: caddy11.stanford.edu: "Rocky Linux 8.10 (Green Obsidian)" is an unsupported operating system.
0.0.Bm: caddy11.stanford.edu: "Rocky Linux 8.10 (Green Obsidian)" is an unsupported operating system.
0.0.Hp: Proofgrid shell started at 40349@caddy11.stanford.edu(local) jg_40291_caddy11.stanford.edu_1
0.0.N: Proofgrid shell started at 40348@caddy11.stanford.edu(local) jg_40291_caddy11.stanford.edu_1
0.0.Hp: clocks: 1, declared: 1, looping: 0, posedge: 1, negedge: 0, noedge: 0, bothedge: 0
0.0.N: clocks: 1, declared: 1, looping: 0, posedge: 1, negedge: 0, noedge: 0, bothedge: 0
0.0.N: Next scan (0) will use per property time limit: 1s * 10 ^ 0 = 1s
0.0.N: Starting proof for property "udp.offset_cover"	[0.00 s].
0.0.Mpcustom4: caddy11.stanford.edu: "Rocky Linux 8.10 (Green Obsidian)" is an unsupported operating system.
0.0.N: Trace Attempt  1	[0.00 s]
0.0.N: A trace with 1 cycles was found. [0.00 s]
INFO (IPF047): 0.0.N: The cover property "udp.offset_cover" was covered in 1 cycles in 0.21 s.
0.0.N: Stopped processing property "udp.offset_cover"	[0.25 s].
0.0.N: Starting proof for property "udp.offset_bounded"	[0.00 s].
0.0.N: Trace Attempt  1	[0.00 s]
0.0.N: Trace Attempt  2	[0.00 s]
0.0.Hp: Trace Attempt  1	[0.01 s]
0.0.Hp: A trace with 1 cycles was found. [0.01 s]
INFO (IPF047): 0.0.Hp: The cover property "udp.offset_bounded:precondition1" was covered in 1 cycles in 0.26 s.
0.0.Hp: A trace with 1 cycles was found. [0.01 s]
INFO (IPF047): 0.0.Hp: The cover property "udp.offset_out_bounded:precondition1" was covered in 1 cycles in 0.29 s.
0.0.N: Trace Attempt  2	[0.00 s]
0.0.N: Trace Attempt  3	[0.00 s]
0.0.N: Trace Attempt  4	[0.00 s]
0.0.N: Trace Attempt  5	[0.00 s]
0.0.N: A proof was found: No trace exists. [0.00 s]
INFO (IPF057): 0.0.N: The property "udp.offset_bounded" was proven in 0.08 s.
0.0.N: Stopped processing property "udp.offset_bounded"	[0.08 s].
0.0.N: Last scan. Per property time limit: 0s
0.0.N: Starting proof for property "udp.offset_out_bounded"	[0.00 s].
0.0.N: Requesting engine job to stop
0.0.Hp: Requesting engine job to terminate
INFO (IPF144): 0: Initiating shutdown of proof [0.02 s]
0.0.Hp: A proof was found: No trace exists. [0.01 s]
INFO (IPF057): 0.0.Hp: The property "udp.offset_out_bounded" was proven in 0.33 s.
0.0.N: Trace Attempt  1	[0.00 s]
0.0.Hp: All properties determined. [0.01 s]
0.0.N: Trace Attempt  2	[0.00 s]
0.0.N: Stopped processing property "udp.offset_out_bounded"	[0.00 s].
0.0.N: All properties determined. [0.00 s]
0.0.Hp: Exited with Success (@ 0.02 s)
0: ProofGrid usable level: 0
0.0.N: Exited with Success (@ 0.02 s)
0.0.L: caddy11.stanford.edu: "Rocky Linux 8.10 (Green Obsidian)" is an unsupported operating system.
0.0.Ht: Proofgrid shell started at 40374@caddy11.stanford.edu(local) jg_40291_caddy11.stanford.edu_1
0.0.Ht: Requesting engine job to terminate
0.0.Oh: caddy11.stanford.edu: "Rocky Linux 8.10 (Green Obsidian)" is an unsupported operating system.
0.0.AM: caddy11.stanford.edu: "Rocky Linux 8.10 (Green Obsidian)" is an unsupported operating system.
0.0.Ht: Preventing job from starting because proof is shutting down.
0.0.Ht: Requesting engine job to terminate
0.0.B: caddy11.stanford.edu: "Rocky Linux 8.10 (Green Obsidian)" is an unsupported operating system.
0.0.Ht: Interrupted. [0.00 s]
0.0.Ht: Exited with Success (@ 0.03 s)
0.0.Bm: Proofgrid shell started at 40392@caddy11.stanford.edu(local) jg_40291_caddy11.stanford.edu_1
0.0.Bm: Requesting engine job to terminate
0.0.Bm: Preventing job from starting because proof is shutting down.
0.0.Bm: Requesting engine job to terminate
0.0.Bm: Interrupted. [0.00 s]
0.0.Bm: Exited with Success (@ 0.06 s)
0.0.Mpcustom4: Proofgrid shell started at 40407@caddy11.stanford.edu(local) jg_40291_caddy11.stanford.edu_1
0.0.Mpcustom4: Requesting engine job to terminate
0.0.Mpcustom4: Preventing job from starting because proof is shutting down.
0.0.Mpcustom4: Requesting engine job to terminate
0.0.Mpcustom4: Interrupted. [0.00 s]
0.0.Mpcustom4: Exited with Success (@ 0.09 s)
0.0.Oh: Proofgrid shell started at 40417@caddy11.stanford.edu(local) jg_40291_caddy11.stanford.edu_1
0.0.Oh: Requesting engine job to terminate
0.0.L: Proofgrid shell started at 40418@caddy11.stanford.edu(local) jg_40291_caddy11.stanford.edu_1
0.0.L: Requesting engine job to terminate
0.0.AM: Proofgrid shell started at 40423@caddy11.stanford.edu(local) jg_40291_caddy11.stanford.edu_1
0.0.AM: Requesting engine job to terminate
0.0.B: Proofgrid shell started at 40421@caddy11.stanford.edu(local) jg_40291_caddy11.stanford.edu_1
0.0.B: Requesting engine job to terminate
0.0.L: Preventing job from starting because proof is shutting down.
0.0.L: Requesting engine job to terminate
0.0.L: Interrupted. [0.00 s]
0.0.Oh: Preventing job from starting because proof is shutting down.
0.0.Oh: Requesting engine job to terminate
0.0.Oh: Interrupted. [0.00 s]
0.0.AM: Preventing job from starting because proof is shutting down.
0.0.AM: Requesting engine job to terminate
0.0.AM: Interrupted. [0.00 s]
0.0.Oh: Exited with Success (@ 0.11 s)
0.0.L: Exited with Success (@ 0.11 s)
0.0.AM: Exited with Success (@ 0.11 s)
0.0.B: Preventing job from starting because proof is shutting down.
0.0.B: Requesting engine job to terminate
0.0.B: Interrupted. [0.00 s]
0.0.B: Exited with Success (@ 0.11 s)
0: --------------------------------------------------------------
ProofGrid Summary (utilization 2.45 %)
--------------------------------------------------------------
     engines started                               :     9
     engine jobs started                           :     9

    Average time in state (seconds)
    ------------------------------------------------------
    Engine  Pending     Running        Dead    Utilization
    ------------------------------------------------------
      N        0.10        0.01        0.00        9.18 %
     Hp        0.09        0.01        0.00       11.27 %
     Ht        0.10        0.00        0.00        0.00 %
     Bm        0.10        0.00        0.00        0.00 %
    Mpcustom4        0.10        0.00        0.00        0.00 %
     Oh        0.10        0.00        0.00        0.00 %
      L        0.10        0.00        0.00        0.00 %
      B        0.10        0.00        0.00        0.00 %
     AM        0.10        0.00        0.00        0.00 %
    all        0.10        0.00        0.00        2.45 %

    Total time in state (seconds)
    -----------------------------------------
            Pending     Running        Dead  
    -----------------------------------------
               0.88        0.02        0.00

    Data read    : 11.21 kiB
    Data written : 2.10 kiB

0: All pending notifications were processed.
INFO (IPF059): 0: Completed proof on task: "<embedded>"

==============================================================
SUMMARY
==============================================================
           Properties Considered              : 5
                 assertions                   : 2
                  - proven                    : 2 (100%)
                  - bounded_proven (user)     : 0 (0%)
                  - bounded_proven (auto)     : 0 (0%)
                  - marked_proven             : 0 (0%)
                  - cex                       : 0 (0%)
                  - ar_cex                    : 0 (0%)
                  - undetermined              : 0 (0%)
                  - unknown                   : 0 (0%)
                  - error                     : 0 (0%)
                 covers                       : 3
                  - unreachable               : 0 (0%)
                  - bounded_unreachable (user): 0 (0%)
                  - covered                   : 3 (100%)
                  - ar_covered                : 0 (0%)
                  - undetermined              : 0 (0%)
                  - unknown                   : 0 (0%)
                  - error                     : 0 (0%)
determined
[<embedded>] % 
[<embedded>] % report -summary -results -file jg_summary.txt -force
INFO (IPL005): Received request to exit from the console.
INFO (IPL014): Waiting for the Tcl-thread to exit.
INFO: Waiting for proof threads to stop...
INFO: Proof threads stopped.
INFO (IPL018): The peak resident set memory use for this session was 0.407 GB.
INFO (IPL015): The Tcl-thread exited with status 0.
INFO (IPL016): Exiting the analysis session with status 0.
